TN:
SF:src\App.tsx
FN:7,(anonymous_1)
FN:26,(anonymous_2)
FNF:2
FNH:0
FNDA:0,(anonymous_1)
FNDA:0,(anonymous_2)
DA:1,0
DA:2,0
DA:3,0
DA:4,0
DA:5,0
DA:7,0
DA:8,0
DA:10,0
DA:26,0
DA:27,0
DA:36,0
LF:11
LH:0
BRDA:15,0,0,0
BRDA:15,0,1,0
BRDA:20,1,0,0
BRDA:20,1,1,0
BRF:4
BRH:0
end_of_record
TN:
SF:src\main.tsx
FNF:0
FNH:0
DA:1,0
DA:2,0
DA:3,0
DA:4,0
DA:6,0
LF:5
LH:0
BRF:0
BRH:0
end_of_record
TN:
SF:src\components\Character\Character.tsx
FN:18,(anonymous_6)
FN:26,(anonymous_7)
FN:27,(anonymous_8)
FN:38,(anonymous_9)
FN:43,(anonymous_10)
FN:64,(anonymous_11)
FN:68,(anonymous_12)
FN:87,(anonymous_13)
FNF:8
FNH:5
FNDA:6,(anonymous_6)
FNDA:4,(anonymous_7)
FNDA:4,(anonymous_8)
FNDA:0,(anonymous_9)
FNDA:0,(anonymous_10)
FNDA:2,(anonymous_11)
FNDA:0,(anonymous_12)
FNDA:1,(anonymous_13)
DA:1,2
DA:2,2
DA:4,2
DA:15,2
DA:17,2
DA:19,6
DA:20,6
DA:23,6
DA:24,6
DA:26,6
DA:27,4
DA:28,4
DA:29,4
DA:30,3
DA:31,3
DA:35,3
DA:36,3
DA:37,0
DA:38,0
DA:39,0
DA:41,0
DA:42,0
DA:43,0
DA:46,3
DA:48,3
DA:49,2
DA:51,3
DA:54,0
DA:55,0
DA:56,0
DA:57,0
DA:61,4
DA:64,6
DA:65,2
DA:68,6
DA:69,0
DA:72,6
DA:76,6
DA:80,6
DA:87,1
DA:102,2
LF:41
LH:30
BRDA:30,0,0,3
BRDA:32,1,0,3
BRDA:32,1,1,1
BRDA:35,2,0,3
BRDA:35,2,1,1
BRDA:36,3,0,0
BRDA:36,4,0,3
BRDA:36,4,1,0
BRDA:43,5,0,0
BRDA:43,5,1,0
BRDA:48,6,0,2
BRDA:57,7,0,0
BRDA:57,7,1,0
BRDA:83,8,0,2
BRDA:83,8,1,4
BRF:15
BRH:9
end_of_record
TN:
SF:src\components\CharacterModal\CharacterModal.tsx
FN:11,(anonymous_0)
FN:20,(anonymous_1)
FN:21,(anonymous_2)
FN:41,(anonymous_3)
FN:45,(anonymous_4)
FN:49,(anonymous_5)
FN:64,(anonymous_6)
FNF:7
FNH:4
FNDA:3,(anonymous_0)
FNDA:2,(anonymous_1)
FNDA:2,(anonymous_2)
FNDA:0,(anonymous_3)
FNDA:0,(anonymous_4)
FNDA:3,(anonymous_5)
FNDA:0,(anonymous_6)
DA:1,2
DA:2,2
DA:4,2
DA:11,2
DA:15,3
DA:16,3
DA:18,3
DA:20,3
DA:21,2
DA:22,2
DA:23,2
DA:26,2
DA:27,2
DA:28,1
DA:30,1
DA:33,0
DA:34,0
DA:38,2
DA:41,3
DA:42,0
DA:45,3
DA:46,0
DA:49,3
DA:50,3
DA:51,3
DA:52,3
DA:53,3
DA:54,3
DA:55,3
DA:58,3
DA:64,0
DA:199,2
LF:32
LH:27
BRDA:27,0,0,1
BRDA:27,0,1,1
BRDA:27,1,0,2
BRDA:27,1,1,1
BRDA:50,2,0,0
BRDA:90,3,0,0
BRDA:90,3,1,3
BRDA:94,4,0,3
BRDA:94,4,1,0
BRDA:94,4,2,0
BRDA:99,5,0,0
BRDA:99,5,1,0
BRDA:104,6,0,0
BRDA:104,6,1,0
BRDA:109,7,0,0
BRDA:109,7,1,0
BRDA:115,8,0,0
BRDA:115,8,1,0
BRDA:125,9,0,3
BRDA:125,9,1,0
BRDA:134,10,0,3
BRDA:134,10,1,0
BRDA:144,11,0,3
BRDA:144,11,1,0
BRDA:155,12,0,3
BRDA:155,12,1,0
BRDA:159,13,0,3
BRDA:159,13,1,3
BRDA:165,14,0,3
BRDA:165,14,1,0
BRDA:171,15,0,3
BRDA:171,15,1,0
BRDA:176,16,0,3
BRDA:176,16,1,0
BRDA:184,17,0,3
BRDA:184,17,1,0
BRDA:189,18,0,3
BRDA:189,18,1,0
BRF:38
BRH:17
end_of_record
TN:
SF:src\components\Filters\Filters.tsx
FN:16,(anonymous_0)
FN:24,(anonymous_1)
FN:24,(anonymous_2)
FN:41,(anonymous_3)
FN:56,(anonymous_4)
FN:71,(anonymous_5)
FN:81,(anonymous_6)
FNF:7
FNH:5
FNDA:1,(anonymous_0)
FNDA:3,(anonymous_1)
FNDA:0,(anonymous_2)
FNDA:1,(anonymous_3)
FNDA:1,(anonymous_4)
FNDA:1,(anonymous_5)
FNDA:0,(anonymous_6)
DA:2,1
DA:16,1
DA:24,3
DA:25,0
DA:26,0
DA:29,1
DA:31,1
DA:42,1
DA:57,1
DA:72,1
DA:81,0
DA:89,1
LF:12
LH:9
BRDA:26,0,0,0
BRDA:26,0,1,0
BRDA:36,1,0,1
BRDA:36,1,1,1
BRDA:51,2,0,1
BRDA:51,2,1,1
BRDA:66,3,0,1
BRDA:66,3,1,1
BRF:8
BRH:6
end_of_record
TN:
SF:src\components\Header\Header.tsx
FN:22,(anonymous_1)
FN:34,(anonymous_2)
FN:38,(anonymous_3)
FN:42,(anonymous_4)
FN:43,(anonymous_5)
FN:46,(anonymous_6)
FN:47,(anonymous_7)
FN:56,(anonymous_8)
FNF:8
FNH:4
FNDA:1,(anonymous_1)
FNDA:0,(anonymous_2)
FNDA:0,(anonymous_3)
FNDA:0,(anonymous_4)
FNDA:0,(anonymous_5)
FNDA:1,(anonymous_6)
FNDA:1,(anonymous_7)
FNDA:1,(anonymous_8)
DA:1,1
DA:2,1
DA:3,1
DA:4,1
DA:5,1
DA:6,1
DA:22,1
DA:31,1
DA:32,1
DA:34,1
DA:35,0
DA:38,1
DA:39,0
DA:42,1
DA:43,0
DA:46,1
DA:47,1
DA:48,1
DA:49,0
DA:53,1
DA:54,1
DA:56,1
DA:57,1
DA:61,1
DA:112,1
LF:25
LH:21
BRDA:48,0,0,0
BRDA:62,1,0,1
BRDA:62,1,1,0
BRDA:91,2,0,1
BRDA:91,2,1,0
BRDA:96,3,0,0
BRDA:96,3,1,0
BRDA:103,4,0,1
BRDA:103,4,1,0
BRF:9
BRH:3
end_of_record
TN:
SF:src\components\Loader\Loader.tsx
FN:3,(anonymous_0)
FNF:1
FNH:1
FNDA:1,(anonymous_0)
DA:1,1
DA:3,1
DA:4,1
DA:58,1
LF:4
LH:4
BRF:0
BRH:0
end_of_record
TN:
SF:src\components\Loader\SkeletonCard.tsx
FN:3,(anonymous_0)
FNF:1
FNH:0
FNDA:0,(anonymous_0)
DA:1,1
DA:3,1
DA:4,0
DA:13,1
LF:4
LH:3
BRF:0
BRH:0
end_of_record
TN:
SF:src\context\authContext.tsx
FN:16,(anonymous_0)
FN:29,(anonymous_1)
FN:33,(anonymous_2)
FN:43,(anonymous_3)
FN:53,(anonymous_4)
FN:60,(anonymous_5)
FN:65,(anonymous_6)
FN:74,(anonymous_7)
FN:80,(anonymous_8)
FNF:9
FNH:4
FNDA:13,(anonymous_0)
FNDA:5,(anonymous_1)
FNDA:5,(anonymous_2)
FNDA:0,(anonymous_3)
FNDA:5,(anonymous_4)
FNDA:0,(anonymous_5)
FNDA:0,(anonymous_6)
FNDA:0,(anonymous_7)
FNDA:0,(anonymous_8)
DA:1,4
DA:12,4
DA:13,4
DA:16,4
DA:17,13
DA:18,13
DA:19,0
DA:21,13
DA:29,4
DA:30,5
DA:31,5
DA:33,5
DA:34,5
DA:35,5
DA:36,5
DA:37,0
DA:39,5
DA:43,5
DA:44,0
DA:47,0
DA:48,0
DA:49,0
DA:50,0
DA:53,5
DA:54,5
DA:55,5
DA:56,5
DA:57,5
DA:60,5
DA:61,0
DA:62,0
DA:65,5
DA:66,0
DA:67,0
DA:71,0
DA:73,0
DA:74,0
DA:75,0
DA:80,5
DA:81,0
DA:84,0
DA:85,0
DA:88,5
LF:43
LH:25
BRDA:18,0,0,0
BRDA:36,1,0,0
BRDA:36,1,1,5
BRDA:36,2,0,5
BRDA:36,2,1,0
BRDA:57,3,0,0
BRDA:62,4,0,0
BRDA:62,4,1,0
BRDA:67,5,0,0
BRDA:67,5,1,0
BRDA:71,6,0,0
BRDA:73,7,0,0
BRF:12
BRH:2
end_of_record
TN:
SF:src\pages\Landing\Landing.tsx
FN:22,(anonymous_1)
FN:42,(anonymous_2)
FN:44,(anonymous_3)
FN:78,(anonymous_4)
FN:83,(anonymous_5)
FN:94,(anonymous_6)
FN:95,(anonymous_7)
FN:109,(anonymous_8)
FN:114,(anonymous_9)
FN:115,(anonymous_10)
FN:133,(anonymous_11)
FN:146,(anonymous_12)
FN:159,(anonymous_13)
FN:163,(anonymous_14)
FN:168,(anonymous_15)
FN:180,(anonymous_16)
FN:217,(anonymous_17)
FN:220,(anonymous_18)
FN:235,(anonymous_19)
FN:245,(anonymous_20)
FN:253,(anonymous_21)
FN:258,(anonymous_22)
FN:269,(anonymous_23)
FN:274,(anonymous_24)
FN:290,(anonymous_25)
FN:320,(anonymous_26)
FN:324,(anonymous_27)
FN:329,(anonymous_28)
FNF:28
FNH:9
FNDA:2,(anonymous_1)
FNDA:2,(anonymous_2)
FNDA:1,(anonymous_3)
FNDA:0,(anonymous_4)
FNDA:0,(anonymous_5)
FNDA:2,(anonymous_6)
FNDA:0,(anonymous_7)
FNDA:2,(anonymous_8)
FNDA:2,(anonymous_9)
FNDA:1,(anonymous_10)
FNDA:0,(anonymous_11)
FNDA:0,(anonymous_12)
FNDA:2,(anonymous_13)
FNDA:0,(anonymous_14)
FNDA:0,(anonymous_15)
FNDA:0,(anonymous_16)
FNDA:0,(anonymous_17)
FNDA:0,(anonymous_18)
FNDA:0,(anonymous_19)
FNDA:0,(anonymous_20)
FNDA:0,(anonymous_21)
FNDA:0,(anonymous_22)
FNDA:0,(anonymous_23)
FNDA:0,(anonymous_24)
FNDA:0,(anonymous_25)
FNDA:1,(anonymous_26)
FNDA:0,(anonymous_27)
FNDA:0,(anonymous_28)
DA:1,1
DA:2,1
DA:3,1
DA:4,1
DA:15,1
DA:16,1
DA:17,1
DA:18,1
DA:20,1
DA:22,1
DA:23,2
DA:24,2
DA:26,2
DA:27,2
DA:28,2
DA:29,2
DA:34,2
DA:35,2
DA:36,2
DA:37,2
DA:38,2
DA:39,2
DA:40,2
DA:42,2
DA:44,2
DA:45,1
DA:47,1
DA:49,1
DA:56,1
DA:58,1
DA:59,1
DA:60,1
DA:61,1
DA:62,1
DA:64,1
DA:66,0
DA:68,1
DA:72,2
DA:73,1
DA:78,2
DA:79,0
DA:80,0
DA:81,0
DA:82,0
DA:83,0
DA:84,0
DA:88,0
DA:90,0
DA:94,2
DA:95,2
DA:96,0
DA:101,0
DA:105,2
DA:106,2
DA:109,2
DA:110,2
DA:114,2
DA:115,2
DA:116,1
DA:117,1
DA:118,1
DA:119,1
DA:120,1
DA:122,0
DA:124,1
DA:128,2
DA:129,1
DA:133,2
DA:134,0
DA:135,0
DA:136,0
DA:137,0
DA:138,0
DA:140,0
DA:142,0
DA:146,2
DA:147,0
DA:148,0
DA:149,0
DA:150,0
DA:151,0
DA:156,0
DA:159,2
DA:160,2
DA:163,2
DA:164,0
DA:165,0
DA:168,2
DA:169,0
DA:170,0
DA:171,0
DA:172,0
DA:174,0
DA:176,0
DA:180,2
DA:181,0
DA:182,0
DA:185,0
DA:187,0
DA:188,0
DA:189,0
DA:190,0
DA:195,0
DA:197,0
DA:198,0
DA:199,0
DA:200,0
DA:209,0
DA:211,0
DA:213,0
DA:217,2
DA:220,2
DA:224,0
DA:225,0
DA:227,0
DA:228,0
DA:229,0
DA:230,0
DA:235,2
DA:236,0
DA:237,0
DA:239,0
DA:240,0
DA:243,0
DA:244,0
DA:245,0
DA:249,0
DA:250,0
DA:251,0
DA:252,0
DA:254,0
DA:258,0
DA:259,0
DA:265,0
DA:266,0
DA:267,0
DA:268,0
DA:270,0
DA:274,0
DA:275,0
DA:281,0
DA:282,0
DA:283,0
DA:288,0
DA:291,0
DA:296,0
DA:298,0
DA:300,0
DA:304,2
DA:321,1
DA:324,0
DA:330,0
DA:347,1
LF:153
LH:68
BRDA:47,0,0,1
BRDA:72,1,0,1
BRDA:79,2,0,0
BRDA:79,3,0,0
BRDA:79,3,1,0
BRDA:79,3,2,0
BRDA:85,4,0,0
BRDA:85,4,1,0
BRDA:96,5,0,0
BRDA:97,6,0,0
BRDA:97,6,1,0
BRDA:105,7,0,2
BRDA:128,8,0,1
BRDA:133,9,0,0
BRDA:160,10,0,0
BRDA:160,10,1,2
BRDA:185,11,0,0
BRDA:188,12,0,0
BRDA:195,13,0,0
BRDA:195,14,0,0
BRDA:195,14,1,0
BRDA:198,15,0,0
BRDA:224,16,0,0
BRDA:224,16,1,0
BRDA:243,17,0,0
BRDA:249,18,0,0
BRDA:251,19,0,0
BRDA:251,19,1,0
BRDA:265,20,0,0
BRDA:267,21,0,0
BRDA:267,21,1,0
BRDA:281,22,0,0
BRDA:281,23,0,0
BRDA:281,23,1,0
BRDA:281,23,2,0
BRDA:288,24,0,0
BRDA:288,24,1,0
BRDA:306,25,0,1
BRDA:306,25,1,1
BRDA:306,26,0,2
BRDA:306,26,1,1
BRDA:327,27,0,1
BRDA:327,27,1,0
BRDA:335,28,0,1
BRDA:335,28,1,0
BRDA:335,28,2,0
BRF:46
BRH:11
end_of_record
TN:
SF:src\pages\Login\Login.tsx
FN:6,(anonymous_0)
FN:14,(anonymous_1)
FN:16,(anonymous_2)
FN:19,(anonymous_3)
FNF:4
FNH:3
FNDA:12,(anonymous_0)
FNDA:8,(anonymous_1)
FNDA:8,(anonymous_2)
FNDA:0,(anonymous_3)
DA:1,4
DA:2,4
DA:3,4
DA:4,4
DA:6,4
DA:7,12
DA:11,12
DA:12,12
DA:14,12
DA:15,8
DA:16,8
DA:19,12
DA:20,0
DA:21,0
DA:23,0
DA:29,0
DA:30,0
DA:32,0
DA:36,12
DA:78,4
LF:20
LH:14
BRDA:21,0,0,0
BRDA:21,0,1,0
BRDA:21,1,0,0
BRDA:21,1,1,0
BRF:4
BRH:0
end_of_record
TN:
SF:src\services\swapi.tsx
FN:5,(anonymous_1)
FN:14,(anonymous_2)
FN:25,(anonymous_3)
FN:28,(anonymous_4)
FN:38,(anonymous_5)
FN:48,(anonymous_6)
FN:58,(anonymous_7)
FN:61,(anonymous_8)
FN:71,(anonymous_9)
FN:74,(anonymous_10)
FN:84,(anonymous_11)
FN:94,(anonymous_12)
FN:104,(anonymous_13)
FN:112,(anonymous_14)
FNF:14
FNH:1
FNDA:0,(anonymous_1)
FNDA:0,(anonymous_2)
FNDA:0,(anonymous_3)
FNDA:0,(anonymous_4)
FNDA:0,(anonymous_5)
FNDA:0,(anonymous_6)
FNDA:0,(anonymous_7)
FNDA:0,(anonymous_8)
FNDA:0,(anonymous_9)
FNDA:0,(anonymous_10)
FNDA:0,(anonymous_11)
FNDA:0,(anonymous_12)
FNDA:1,(anonymous_13)
FNDA:0,(anonymous_14)
DA:1,1
DA:3,1
DA:5,1
DA:6,0
DA:7,0
DA:8,0
DA:10,0
DA:14,1
DA:15,0
DA:16,0
DA:19,0
DA:21,0
DA:25,1
DA:26,0
DA:27,0
DA:28,0
DA:33,0
DA:34,0
DA:38,1
DA:39,0
DA:40,0
DA:41,0
DA:43,0
DA:44,0
DA:48,1
DA:49,0
DA:50,0
DA:51,0
DA:53,0
DA:54,0
DA:58,1
DA:59,0
DA:60,0
DA:61,0
DA:66,0
DA:67,0
DA:71,1
DA:72,0
DA:73,0
DA:74,0
DA:79,0
DA:80,0
DA:84,1
DA:85,0
DA:86,0
DA:87,0
DA:89,0
DA:90,0
DA:94,1
DA:95,0
DA:96,0
DA:97,0
DA:99,0
DA:100,0
DA:104,1
DA:105,1
DA:107,1
DA:109,1
DA:111,0
DA:112,0
DA:115,0
DA:117,0
DA:118,0
LF:63
LH:15
BRF:0
BRH:0
end_of_record
